Standard Commons Logging discovery in action with spring-jcl: please remove commons-logging.jar from classpath in order to avoid potential conflicts

  .   ____          _            __ _ _
 /\\ / ___'_ __ _ _(_)_ __  __ _ \ \ \ \
( ( )\___ | '_ | '_| | '_ \/ _` | \ \ \ \
 \\/  ___)| |_)| | | | | || (_| |  ) ) ) )
  '  |____| .__|_| |_|_| |_\__, | / / / /
 =========|_|==============|___/=/_/_/_/
 :: Spring Boot ::                (v3.2.0)

2026-06-30T09:29:29.241+08:00  INFO 37420 --- [ai-service] [           main] com.recruitment.ai.AiApplication         : Starting AiApplication v1.0.0 using Java 17.0.11 with PID 37420 (D:\recruitment-platform\ai-service\target\ai-service-1.0.0.jar started by 94738 in D:\recruitment-platform)
2026-06-30T09:29:29.247+08:00 DEBUG 37420 --- [ai-service] [           main] com.recruitment.ai.AiApplication         : Running with Spring Boot v3.2.0, Spring v6.1.1
2026-06-30T09:29:29.248+08:00  INFO 37420 --- [ai-service] [           main] com.recruitment.ai.AiApplication         : No active profile set, falling back to 1 default profile: "default"
2026-06-30T09:29:31.524+08:00  INFO 37420 --- [ai-service] [           main] .s.d.r.c.RepositoryConfigurationDelegate : Multiple Spring Data modules found, entering strict repository configuration mode
2026-06-30T09:29:31.531+08:00  INFO 37420 --- [ai-service] [           main] .s.d.r.c.RepositoryConfigurationDelegate : Bootstrapping Spring Data Redis repositories in DEFAULT mode.
2026-06-30T09:29:31.573+08:00  INFO 37420 --- [ai-service] [           main] .s.d.r.c.RepositoryConfigurationDelegate : Finished Spring Data repository scanning in 16 ms. Found 0 Redis repository interfaces.
2026-06-30T09:29:31.922+08:00  INFO 37420 --- [ai-service] [           main] o.s.cloud.context.scope.GenericScope     : BeanFactory id=c60ade5c-7bf6-3e3d-ac2c-6251d22f3b54
2026-06-30T09:29:33.863+08:00  INFO 37420 --- [ai-service] [           main] o.s.b.w.embedded.tomcat.TomcatWebServer  : Tomcat initialized with port 8088 (http)
2026-06-30T09:29:33.867+08:00  INFO 37420 --- [ai-service] [           main] o.a.catalina.core.AprLifecycleListener   : An older version [1.2.39] of the Apache Tomcat Native library is installed, while Tomcat recommends a minimum version of [2.0.5]
2026-06-30T09:29:33.868+08:00  INFO 37420 --- [ai-service] [           main] o.a.catalina.core.AprLifecycleListener   : Loaded Apache Tomcat Native library [1.2.39] using APR version [1.7.4].
2026-06-30T09:29:33.875+08:00  INFO 37420 --- [ai-service] [           main] o.a.catalina.core.AprLifecycleListener   : OpenSSL successfully initialized [OpenSSL 3.0.11 19 Sep 2023]
2026-06-30T09:29:33.926+08:00  INFO 37420 --- [ai-service] [           main] o.apache.catalina.core.StandardService   : Starting service [Tomcat]
2026-06-30T09:29:33.927+08:00  INFO 37420 --- [ai-service] [           main] o.apache.catalina.core.StandardEngine    : Starting Servlet engine: [Apache Tomcat/10.1.16]
2026-06-30T09:29:34.060+08:00  INFO 37420 --- [ai-service] [           main] o.a.c.c.C.[Tomcat].[localhost].[/]       : Initializing Spring embedded WebApplicationContext
2026-06-30T09:29:34.063+08:00  INFO 37420 --- [ai-service] [           main] w.s.c.ServletWebServerApplicationContext : Root WebApplicationContext: initialization completed in 4657 ms
Standard Commons Logging discovery in action with spring-jcl: please remove commons-logging.jar from classpath in order to avoid potential conflicts
 _ _   |_  _ _|_. ___ _ |    _ 
| | |\/|_)(_| | |_\  |_)||_|_\ 
     /               |         
                        3.5.9 
2026-06-30T09:29:36.466+08:00  WARN 37420 --- [ai-service] [           main] .s.s.UserDetailsServiceAutoConfiguration : 

Using generated security password: fa5408f3-c730-49e6-bc0e-2bdbeed49994

This generated password is for development use only. Your security configuration must be updated before running your application in production.

2026-06-30T09:29:38.187+08:00  INFO 37420 --- [ai-service] [           main] o.s.b.a.e.web.EndpointLinksResolver      : Exposing 16 endpoint(s) beneath base path '/actuator'
2026-06-30T09:29:38.319+08:00  INFO 37420 --- [ai-service] [           main] o.s.s.web.DefaultSecurityFilterChain     : Will secure any request with [org.springframework.security.web.session.DisableEncodeUrlFilter@22a22f1, org.springframework.security.web.context.request.async.WebAsyncManagerIntegrationFilter@2e76d0d3, org.springframework.security.web.context.SecurityContextHolderFilter@66f223fa, org.springframework.security.web.header.HeaderWriterFilter@519e67e, org.springframework.web.filter.CorsFilter@63c88994, org.springframework.security.web.authentication.logout.LogoutFilter@1df2e767, org.springframework.security.web.savedrequest.RequestCacheAwareFilter@34be7efb, org.springframework.security.web.servletapi.SecurityContextHolderAwareRequestFilter@54fd5759, org.springframework.security.web.authentication.AnonymousAuthenticationFilter@1932ad2c, org.springframework.security.web.access.ExceptionTranslationFilter@71689ee2, org.springframework.security.web.access.intercept.AuthorizationFilter@3d763ae5]
2026-06-30T09:29:39.384+08:00  INFO 37420 --- [ai-service] [           main] o.s.b.w.embedded.tomcat.TomcatWebServer  : Tomcat started on port 8088 (http) with context path ''
2026-06-30T09:29:39.604+08:00  INFO 37420 --- [ai-service] [           main] com.recruitment.ai.AiApplication         : Started AiApplication in 11.474 seconds (process running for 12.433)
2026-06-30T09:29:39.648+08:00  INFO 37420 --- [ai-service] [           main] com.alibaba.druid.pool.DruidDataSource   : {dataSource-1} inited
???????????????
?????????????
?????????????
?????????????????
?????????????
2026-06-30T09:32:20.496+08:00  INFO 37420 --- [ai-service] [nio-8088-exec-1] o.a.c.c.C.[Tomcat].[localhost].[/]       : Initializing Spring DispatcherServlet 'dispatcherServlet'
2026-06-30T09:32:20.496+08:00  INFO 37420 --- [ai-service] [nio-8088-exec-1] o.s.web.servlet.DispatcherServlet        : Initializing Servlet 'dispatcherServlet'
2026-06-30T09:32:20.498+08:00  INFO 37420 --- [ai-service] [nio-8088-exec-1] o.s.web.servlet.DispatcherServlet        : Completed initialization in 2 ms
2026-06-30T09:32:20.522+08:00  WARN 37420 --- [ai-service] [nio-8088-exec-1] o.s.w.s.h.HandlerMappingIntrospector     : Cache miss for REQUEST dispatch to '/ai/favorites' (previous null). Performing CorsConfiguration lookup. This is logged once only at WARN level, and every time at TRACE.
2026-06-30T09:32:20.533+08:00  WARN 37420 --- [ai-service] [nio-8088-exec-1] o.s.w.s.h.HandlerMappingIntrospector     : Cache miss for REQUEST dispatch to '/ai/favorites' (previous null). Performing MatchableHandlerMapping lookup. This is logged once only at WARN level, and every time at TRACE.
