Standard Commons Logging discovery in action with spring-jcl: please remove commons-logging.jar from classpath in order to avoid potential conflicts

  .   ____          _            __ _ _
 /\\ / ___'_ __ _ _(_)_ __  __ _ \ \ \ \
( ( )\___ | '_ | '_| | '_ \/ _` | \ \ \ \
 \\/  ___)| |_)| | | | | || (_| |  ) ) ) )
  '  |____| .__|_| |_|_| |_\__, | / / / /
 =========|_|==============|___/=/_/_/_/
 :: Spring Boot ::                (v3.2.0)

2026-06-30T09:36:40.288+08:00  INFO 29728 --- [resume-service] [           main] c.recruitment.resume.ResumeApplication   : Starting ResumeApplication v1.0.0 using Java 17.0.11 with PID 29728 (D:\recruitment-platform\resume-service\target\resume-service-1.0.0.jar started by 94738 in D:\recruitment-platform)
2026-06-30T09:36:40.293+08:00 DEBUG 29728 --- [resume-service] [           main] c.recruitment.resume.ResumeApplication   : Running with Spring Boot v3.2.0, Spring v6.1.1
2026-06-30T09:36:40.293+08:00  INFO 29728 --- [resume-service] [           main] c.recruitment.resume.ResumeApplication   : No active profile set, falling back to 1 default profile: "default"
2026-06-30T09:36:41.579+08:00  INFO 29728 --- [resume-service] [           main] .s.d.r.c.RepositoryConfigurationDelegate : Multiple Spring Data modules found, entering strict repository configuration mode
2026-06-30T09:36:41.583+08:00  INFO 29728 --- [resume-service] [           main] .s.d.r.c.RepositoryConfigurationDelegate : Bootstrapping Spring Data Redis repositories in DEFAULT mode.
2026-06-30T09:36:41.611+08:00  INFO 29728 --- [resume-service] [           main] .s.d.r.c.RepositoryConfigurationDelegate : Finished Spring Data repository scanning in 10 ms. Found 0 Redis repository interfaces.
2026-06-30T09:36:41.804+08:00  INFO 29728 --- [resume-service] [           main] o.s.cloud.context.scope.GenericScope     : BeanFactory id=3b5211c5-5850-3a63-b850-d01112050bcf
2026-06-30T09:36:42.741+08:00  INFO 29728 --- [resume-service] [           main] o.s.b.w.embedded.tomcat.TomcatWebServer  : Tomcat initialized with port 8085 (http)
2026-06-30T09:36:42.742+08:00  INFO 29728 --- [resume-service] [           main] o.a.catalina.core.AprLifecycleListener   : An older version [1.2.39] of the Apache Tomcat Native library is installed, while Tomcat recommends a minimum version of [2.0.5]
2026-06-30T09:36:42.742+08:00  INFO 29728 --- [resume-service] [           main] o.a.catalina.core.AprLifecycleListener   : Loaded Apache Tomcat Native library [1.2.39] using APR version [1.7.4].
2026-06-30T09:36:42.744+08:00  INFO 29728 --- [resume-service] [           main] o.a.catalina.core.AprLifecycleListener   : OpenSSL successfully initialized [OpenSSL 3.0.11 19 Sep 2023]
2026-06-30T09:36:42.752+08:00  INFO 29728 --- [resume-service] [           main] o.apache.catalina.core.StandardService   : Starting service [Tomcat]
2026-06-30T09:36:42.752+08:00  INFO 29728 --- [resume-service] [           main] o.apache.catalina.core.StandardEngine    : Starting Servlet engine: [Apache Tomcat/10.1.16]
2026-06-30T09:36:42.797+08:00  INFO 29728 --- [resume-service] [           main] o.a.c.c.C.[Tomcat].[localhost].[/]       : Initializing Spring embedded WebApplicationContext
2026-06-30T09:36:42.797+08:00  INFO 29728 --- [resume-service] [           main] w.s.c.ServletWebServerApplicationContext : Root WebApplicationContext: initialization completed in 2384 ms
Standard Commons Logging discovery in action with spring-jcl: please remove commons-logging.jar from classpath in order to avoid potential conflicts
 _ _   |_  _ _|_. ___ _ |    _ 
| | |\/|_)(_| | |_\  |_)||_|_\ 
     /               |         
                        3.5.9 
2026-06-30T09:36:44.430+08:00  WARN 29728 --- [resume-service] [           main] .s.s.UserDetailsServiceAutoConfiguration : 

Using generated security password: 0a29c1e3-08d2-4e8b-9c1f-f853646862d2

This generated password is for development use only. Your security configuration must be updated before running your application in production.

2026-06-30T09:36:45.590+08:00  INFO 29728 --- [resume-service] [           main] o.s.b.a.e.web.EndpointLinksResolver      : Exposing 1 endpoint(s) beneath base path '/actuator'
2026-06-30T09:36:45.682+08:00  INFO 29728 --- [resume-service] [           main] o.s.s.web.DefaultSecurityFilterChain     : Will secure any request with [org.springframework.security.web.session.DisableEncodeUrlFilter@72015156, org.springframework.security.web.context.request.async.WebAsyncManagerIntegrationFilter@3a42145, org.springframework.security.web.context.SecurityContextHolderFilter@5cf1bbd3, org.springframework.security.web.header.HeaderWriterFilter@4bc9451b, org.springframework.security.web.authentication.logout.LogoutFilter@28e24663, org.springframework.security.web.savedrequest.RequestCacheAwareFilter@4270705f, org.springframework.security.web.servletapi.SecurityContextHolderAwareRequestFilter@716eae1, org.springframework.security.web.authentication.AnonymousAuthenticationFilter@bb38c49, org.springframework.security.web.access.ExceptionTranslationFilter@282aea3c, org.springframework.security.web.access.intercept.AuthorizationFilter@3673e211]
2026-06-30T09:36:46.566+08:00  INFO 29728 --- [resume-service] [           main] o.s.b.w.embedded.tomcat.TomcatWebServer  : Tomcat started on port 8085 (http) with context path ''
2026-06-30T09:36:46.682+08:00  INFO 29728 --- [resume-service] [           main] c.recruitment.resume.ResumeApplication   : Started ResumeApplication in 7.011 seconds (process running for 7.568)
2026-06-30T09:36:46.741+08:00  INFO 29728 --- [resume-service] [           main] com.alibaba.druid.pool.DruidDataSource   : {dataSource-1} inited
???????????????
?????????????
?????????????
?????????????????
?????????????
Resume Service started on port 8085
2026-06-30T09:41:55.797+08:00  INFO 29728 --- [resume-service] [nio-8085-exec-1] o.a.c.c.C.[Tomcat].[localhost].[/]       : Initializing Spring DispatcherServlet 'dispatcherServlet'
2026-06-30T09:41:55.797+08:00  INFO 29728 --- [resume-service] [nio-8085-exec-1] o.s.web.servlet.DispatcherServlet        : Initializing Servlet 'dispatcherServlet'
2026-06-30T09:41:55.798+08:00  INFO 29728 --- [resume-service] [nio-8085-exec-1] o.s.web.servlet.DispatcherServlet        : Completed initialization in 1 ms
2026-06-30T09:41:55.820+08:00  WARN 29728 --- [resume-service] [nio-8085-exec-1] o.s.w.s.h.HandlerMappingIntrospector     : Cache miss for REQUEST dispatch to '/resume/user/11' (previous null). Performing MatchableHandlerMapping lookup. This is logged once only at WARN level, and every time at TRACE.
2026-06-30T09:41:55.901+08:00 DEBUG 29728 --- [resume-service] [nio-8085-exec-1] c.r.c.mapper.StudentMapper.selectList    : ==>  Preparing: SELECT id,user_id,student_no,school_id,college,major,degree,enrollment_year,graduation_year,gpa,gender,birthday,bio,skills,expectation_salary,expectation_city,expectation_industry,expectation_position,resume_score,job_status,real_name,id_card_number,verify_status,verify_time,reject_reason,id_card_front_url,id_card_back_url,created_at,updated_at,deleted_at FROM student WHERE deleted_at IS NULL AND (user_id = ?)
2026-06-30T09:41:55.914+08:00 DEBUG 29728 --- [resume-service] [nio-8085-exec-1] c.r.c.mapper.StudentMapper.selectList    : ==> Parameters: 11(Long)
2026-06-30T09:41:55.923+08:00 DEBUG 29728 --- [resume-service] [nio-8085-exec-1] c.r.c.mapper.StudentMapper.selectList    : <==      Total: 1
2026-06-30T09:41:55.926+08:00 DEBUG 29728 --- [resume-service] [nio-8085-exec-1] c.r.c.mapper.ResumeMapper.selectList     : ==>  Preparing: SELECT id,student_id,resume_name,is_default,is_public,completeness,view_count,download_count,file_url,real_name,gender,birth_date,phone,email,city,summary,expected_position,expected_city,expected_salary,educations,experiences,projects,skills,languages,certificates,created_at,updated_at,deleted_at FROM resume WHERE deleted_at IS NULL AND (student_id = ?) ORDER BY file_url is not null DESC,is_default DESC LIMIT 1
2026-06-30T09:41:55.927+08:00 DEBUG 29728 --- [resume-service] [nio-8085-exec-1] c.r.c.mapper.ResumeMapper.selectList     : ==> Parameters: 1(Long)
2026-06-30T09:41:55.929+08:00 DEBUG 29728 --- [resume-service] [nio-8085-exec-1] c.r.c.mapper.ResumeMapper.selectList     : <==      Total: 1
[WARN] PDF?????: ./uploads/resumes/012c4a9fff184e7e8b9e34698d72c739.pdf
2026-06-30T09:42:08.936+08:00 DEBUG 29728 --- [resume-service] [nio-8085-exec-6] c.r.c.mapper.StudentMapper.selectList    : ==>  Preparing: SELECT id,user_id,student_no,school_id,college,major,degree,enrollment_year,graduation_year,gpa,gender,birthday,bio,skills,expectation_salary,expectation_city,expectation_industry,expectation_position,resume_score,job_status,real_name,id_card_number,verify_status,verify_time,reject_reason,id_card_front_url,id_card_back_url,created_at,updated_at,deleted_at FROM student WHERE deleted_at IS NULL AND (user_id = ?)
2026-06-30T09:42:08.937+08:00 DEBUG 29728 --- [resume-service] [nio-8085-exec-6] c.r.c.mapper.StudentMapper.selectList    : ==> Parameters: 11(Long)
2026-06-30T09:42:08.938+08:00 DEBUG 29728 --- [resume-service] [nio-8085-exec-6] c.r.c.mapper.StudentMapper.selectList    : <==      Total: 1
2026-06-30T09:42:08.938+08:00 DEBUG 29728 --- [resume-service] [nio-8085-exec-6] c.r.c.mapper.ResumeMapper.selectList     : ==>  Preparing: SELECT id,student_id,resume_name,is_default,is_public,completeness,view_count,download_count,file_url,real_name,gender,birth_date,phone,email,city,summary,expected_position,expected_city,expected_salary,educations,experiences,projects,skills,languages,certificates,created_at,updated_at,deleted_at FROM resume WHERE deleted_at IS NULL AND (student_id = ?) ORDER BY file_url is not null DESC,is_default DESC LIMIT 1
2026-06-30T09:42:08.938+08:00 DEBUG 29728 --- [resume-service] [nio-8085-exec-6] c.r.c.mapper.ResumeMapper.selectList     : ==> Parameters: 1(Long)
2026-06-30T09:42:08.940+08:00 DEBUG 29728 --- [resume-service] [nio-8085-exec-6] c.r.c.mapper.ResumeMapper.selectList     : <==      Total: 1
[WARN] PDF?????: ./uploads/resumes/012c4a9fff184e7e8b9e34698d72c739.pdf
2026-06-30T09:44:40.407+08:00 DEBUG 29728 --- [resume-service] [nio-8085-exec-2] c.r.c.mapper.StudentMapper.selectList    : ==>  Preparing: SELECT id,user_id,student_no,school_id,college,major,degree,enrollment_year,graduation_year,gpa,gender,birthday,bio,skills,expectation_salary,expectation_city,expectation_industry,expectation_position,resume_score,job_status,real_name,id_card_number,verify_status,verify_time,reject_reason,id_card_front_url,id_card_back_url,created_at,updated_at,deleted_at FROM student WHERE deleted_at IS NULL AND (user_id = ?)
2026-06-30T09:44:40.407+08:00 DEBUG 29728 --- [resume-service] [nio-8085-exec-2] c.r.c.mapper.StudentMapper.selectList    : ==> Parameters: 15(Long)
2026-06-30T09:44:40.413+08:00 DEBUG 29728 --- [resume-service] [nio-8085-exec-2] c.r.c.mapper.StudentMapper.selectList    : <==      Total: 0
2026-06-30T09:45:10.793+08:00 DEBUG 29728 --- [resume-service] [nio-8085-exec-4] c.r.c.mapper.ResumeMapper.selectList     : ==>  Preparing: SELECT id,student_id,resume_name,is_default,is_public,completeness,view_count,download_count,file_url,real_name,gender,birth_date,phone,email,city,summary,expected_position,expected_city,expected_salary,educations,experiences,projects,skills,languages,certificates,created_at,updated_at,deleted_at FROM resume WHERE deleted_at IS NULL ORDER BY updated_at DESC
2026-06-30T09:45:10.793+08:00 DEBUG 29728 --- [resume-service] [nio-8085-exec-4] c.r.c.mapper.ResumeMapper.selectList     : ==> Parameters: 
2026-06-30T09:45:10.800+08:00 DEBUG 29728 --- [resume-service] [nio-8085-exec-4] c.r.c.mapper.ResumeMapper.selectList     : <==      Total: 7
2026-06-30T09:45:13.515+08:00 DEBUG 29728 --- [resume-service] [nio-8085-exec-5] c.r.c.mapper.ResumeMapper.selectList     : ==>  Preparing: SELECT id,student_id,resume_name,is_default,is_public,completeness,view_count,download_count,file_url,real_name,gender,birth_date,phone,email,city,summary,expected_position,expected_city,expected_salary,educations,experiences,projects,skills,languages,certificates,created_at,updated_at,deleted_at FROM resume WHERE deleted_at IS NULL ORDER BY updated_at DESC
2026-06-30T09:45:13.515+08:00 DEBUG 29728 --- [resume-service] [nio-8085-exec-5] c.r.c.mapper.ResumeMapper.selectList     : ==> Parameters: 
2026-06-30T09:45:13.518+08:00 DEBUG 29728 --- [resume-service] [nio-8085-exec-5] c.r.c.mapper.ResumeMapper.selectList     : <==      Total: 7
2026-06-30T09:45:38.881+08:00 DEBUG 29728 --- [resume-service] [nio-8085-exec-7] c.r.c.mapper.ResumeMapper.selectList     : ==>  Preparing: SELECT id,student_id,resume_name,is_default,is_public,completeness,view_count,download_count,file_url,real_name,gender,birth_date,phone,email,city,summary,expected_position,expected_city,expected_salary,educations,experiences,projects,skills,languages,certificates,created_at,updated_at,deleted_at FROM resume WHERE deleted_at IS NULL ORDER BY updated_at DESC
2026-06-30T09:45:38.882+08:00 DEBUG 29728 --- [resume-service] [nio-8085-exec-7] c.r.c.mapper.ResumeMapper.selectList     : ==> Parameters: 
2026-06-30T09:45:38.883+08:00 DEBUG 29728 --- [resume-service] [nio-8085-exec-7] c.r.c.mapper.ResumeMapper.selectList     : <==      Total: 7
2026-06-30T09:51:20.637+08:00 DEBUG 29728 --- [resume-service] [nio-8085-exec-3] c.r.c.mapper.ResumeMapper.selectList     : ==>  Preparing: SELECT id,student_id,resume_name,is_default,is_public,completeness,view_count,download_count,file_url,real_name,gender,birth_date,phone,email,city,summary,expected_position,expected_city,expected_salary,educations,experiences,projects,skills,languages,certificates,created_at,updated_at,deleted_at FROM resume WHERE deleted_at IS NULL ORDER BY updated_at DESC
2026-06-30T09:51:20.637+08:00 DEBUG 29728 --- [resume-service] [nio-8085-exec-3] c.r.c.mapper.ResumeMapper.selectList     : ==> Parameters: 
2026-06-30T09:51:20.638+08:00 DEBUG 29728 --- [resume-service] [nio-8085-exec-3] c.r.c.mapper.ResumeMapper.selectList     : <==      Total: 7
2026-06-30T09:51:25.511+08:00 DEBUG 29728 --- [resume-service] [nio-8085-exec-8] c.r.c.mapper.ResumeMapper.selectList     : ==>  Preparing: SELECT id,student_id,resume_name,is_default,is_public,completeness,view_count,download_count,file_url,real_name,gender,birth_date,phone,email,city,summary,expected_position,expected_city,expected_salary,educations,experiences,projects,skills,languages,certificates,created_at,updated_at,deleted_at FROM resume WHERE deleted_at IS NULL ORDER BY updated_at DESC
2026-06-30T09:51:25.511+08:00 DEBUG 29728 --- [resume-service] [nio-8085-exec-8] c.r.c.mapper.ResumeMapper.selectList     : ==> Parameters: 
2026-06-30T09:51:25.512+08:00 DEBUG 29728 --- [resume-service] [nio-8085-exec-8] c.r.c.mapper.ResumeMapper.selectList     : <==      Total: 7
2026-06-30T10:11:43.597+08:00 DEBUG 29728 --- [resume-service] [nio-8085-exec-9] c.r.c.mapper.StudentMapper.selectList    : ==>  Preparing: SELECT id,user_id,student_no,school_id,college,major,degree,enrollment_year,graduation_year,gpa,gender,birthday,bio,skills,expectation_salary,expectation_city,expectation_industry,expectation_position,resume_score,job_status,real_name,id_card_number,verify_status,verify_time,reject_reason,id_card_front_url,id_card_back_url,created_at,updated_at,deleted_at FROM student WHERE deleted_at IS NULL AND (user_id = ?)
2026-06-30T10:11:43.597+08:00 DEBUG 29728 --- [resume-service] [nio-8085-exec-9] c.r.c.mapper.StudentMapper.selectList    : ==> Parameters: 16(Long)
2026-06-30T10:11:43.599+08:00 DEBUG 29728 --- [resume-service] [nio-8085-exec-9] c.r.c.mapper.StudentMapper.selectList    : <==      Total: 1
2026-06-30T10:11:43.600+08:00 DEBUG 29728 --- [resume-service] [nio-8085-exec-9] c.r.c.mapper.ResumeMapper.selectList     : ==>  Preparing: SELECT id,student_id,resume_name,is_default,is_public,completeness,view_count,download_count,file_url,real_name,gender,birth_date,phone,email,city,summary,expected_position,expected_city,expected_salary,educations,experiences,projects,skills,languages,certificates,created_at,updated_at,deleted_at FROM resume WHERE deleted_at IS NULL AND (student_id = ?) ORDER BY file_url is not null DESC,is_default DESC LIMIT 1
2026-06-30T10:11:43.600+08:00 DEBUG 29728 --- [resume-service] [nio-8085-exec-9] c.r.c.mapper.ResumeMapper.selectList     : ==> Parameters: 4(Long)
2026-06-30T10:11:43.602+08:00 DEBUG 29728 --- [resume-service] [nio-8085-exec-9] c.r.c.mapper.ResumeMapper.selectList     : <==      Total: 0
